<?xml version="1.0" encoding="UTF-8"?>
<testsuite xmlns:xsi="http://www.w3.org/2001/XMLSchema-instance" xsi:noNamespaceSchemaLocation="https://maven.apache.org/surefire/maven-surefire-plugin/xsd/surefire-test-report.xsd" version="3.0.2" name="com.example.runner.TestRunner" time="1.853" tests="1" errors="0" skipped="0" failures="1">
  <properties>
[...]
</properties>
  <testcase name="Get a single product by ID" classname="GET Product - DummyJSON API" time="1.433">
    <failure message="Rating enum mismatch(es):&#10;  - reviews[1].rating = 4 (not in enum: [2, 3, 6])&#10;  - reviews[2].rating = 5 (not in enum: [2, 3, 6])" type="java.lang.AssertionError"><![CDATA[java.lang.AssertionError: 
Rating enum mismatch(es):
  - reviews[1].rating = 4 (not in enum: [2, 3, 6])
  - reviews[2].rating = 5 (not in enum: [2, 3, 6])
	at com.example.steps.ApiSteps.eachReviewRatingShouldBeWithinValidEnum(ApiSteps.java:145)
	at ✽.each review rating should be within the valid enum from "ratings"(file:///home/sreeni/Desktop/Programs/java/pw_api/src/test/resources/features/get-product.feature:19)
]]></failure>
    <system-out><![CDATA[
Scenario: Get a single product by ID                                       # src/test/resources/features/get-product.feature:9
  Given the base URL is "https://dummyjson.com"                            # com.example.steps.ApiSteps.theBaseUrlIs(java.lang.String)
  When I send a GET request to "/products/1"                               # com.example.steps.ApiSteps.iSendAGetRequestTo(java.lang.String)
  Then the response status should be 200                                   # com.example.steps.ApiSteps.theResponseStatusShouldBe(int)
  And the response should be OK                                            # com.example.steps.ApiSteps.theResponseShouldBeOk()
  And the response header "content-type" should contain "application/json" # com.example.steps.ApiSteps.theResponseHeaderShouldContain(java.lang.String,java.lang.String)
  And the response should contain field "id"                               # com.example.steps.ApiSteps.theResponseShouldContainField(java.lang.String)
  And the response field "id" should equal 1                               # com.example.steps.ApiSteps.theResponseFieldShouldEqual(java.lang.String,int)
  And the response should contain field "title"                            # com.example.steps.ApiSteps.theResponseShouldContainField(java.lang.String)
  And each review should have non-null field "reviewerEmail"               # com.example.steps.ApiSteps.eachReviewShouldHaveNonNullField(java.lang.String)
  And each review should have non-null field "reviewerName"                # com.example.steps.ApiSteps.eachReviewShouldHaveNonNullField(java.lang.String)
  And each review rating should be within the valid enum from "ratings"    # com.example.steps.ApiSteps.eachReviewRatingShouldBeWithinValidEnum(java.lang.String)
      java.lang.AssertionError: Rating enum mismatch(es):
  - reviews[1].rating = 4 (not in enum: [2, 3, 6])
  - reviews[2].rating = 5 (not in enum: [2, 3, 6])
	at com.example.steps.ApiSteps.eachReviewRatingShouldBeWithinValidEnum(ApiSteps.java:145)
	at ✽.each review rating should be within the valid enum from "ratings"(file:///home/sreeni/Desktop/Programs/java/pw_api/src/test/resources/features/get-product.feature:19)


    Embedding Request [text/plain 173 bytes]


    Embedding Response [text/plain 3221 bytes]

]]></system-out>
  </testcase>
</testsuite>